<?xml version="1.0" encoding="UTF-8"?>
<testsuite xmlns:xsi="http://www.w3.org/2001/XMLSchema-instance" xsi:noNamespaceSchemaLocation="https://maven.apache.org/surefire/maven-surefire-plugin/xsd/surefire-test-report-3.0.xsd" version="3.0" name="com.example.AppTest" time="0.024" tests="1" errors="0" skipped="0" failures="0">
  <properties>
    <property name="java.specification.version" value="17"/>
    <property name="sun.jnu.encoding" value="UTF-8"/>
    <property name="java.class.path" value="/home/andriy/Documents/playground/my-java-angular-app/backend/target/test-classes:/home/andriy/Documents/playground/my-java-angular-app/backend/target/classes:/home/andriy/.m2/repository/junit/junit/3.8.1/junit-3.8.1.jar:/home/andriy/.m2/repository/com/github/eirslett/frontend-maven-plugin/1.0/frontend-maven-plugin-1.0.jar:/home/andriy/.m2/repository/com/github/eirslett/frontend-plugin-core/1.0/frontend-plugin-core-1.0.jar:/home/andriy/.m2/repository/org/codehaus/jackson/jackson-mapper-asl/1.9.13/jackson-mapper-asl-1.9.13.jar:/home/andriy/.m2/repository/org/codehaus/jackson/jackson-core-asl/1.9.13/jackson-core-asl-1.9.13.jar:/home/andriy/.m2/repository/org/apache/commons/commons-compress/1.5/commons-compress-1.5.jar:/home/andriy/.m2/repository/org/tukaani/xz/1.2/xz-1.2.jar:/home/andriy/.m2/repository/commons-io/commons-io/1.3.2/commons-io-1.3.2.jar:/home/andriy/.m2/repository/org/apache/httpcomponents/httpclient/4.5.1/httpclient-4.5.1.jar:/home/andriy/.m2/repository/org/apache/httpcomponents/httpcore/4.4.3/httpcore-4.4.3.jar:/home/andriy/.m2/repository/commons-logging/commons-logging/1.2/commons-logging-1.2.jar:/home/andriy/.m2/repository/commons-codec/commons-codec/1.9/commons-codec-1.9.jar:/home/andriy/.m2/repository/org/slf4j/slf4j-api/1.7.5/slf4j-api-1.7.5.jar:/home/andriy/.m2/repository/org/apache/maven/maven-plugin-api/3.1.0/maven-plugin-api-3.1.0.jar:/home/andriy/.m2/repository/org/apache/maven/maven-model/3.1.0/maven-model-3.1.0.jar:/home/andriy/.m2/repository/org/apache/maven/maven-artifact/3.1.0/maven-artifact-3.1.0.jar:/home/andriy/.m2/repository/org/eclipse/sisu/org.eclipse.sisu.plexus/0.0.0.M2a/org.eclipse.sisu.plexus-0.0.0.M2a.jar:/home/andriy/.m2/repository/javax/enterprise/cdi-api/1.0/cdi-api-1.0.jar:/home/andriy/.m2/repository/javax/annotation/jsr250-api/1.0/jsr250-api-1.0.jar:/home/andriy/.m2/repository/javax/inject/javax.inject/1/javax.inject-1.jar:/home/andriy/.m2/repository/com/google/guava/guava/10.0.1/guava-10.0.1.jar:/home/andriy/.m2/repository/com/google/code/findbugs/jsr305/1.3.9/jsr305-1.3.9.jar:/home/andriy/.m2/repository/org/sonatype/sisu/sisu-guice/3.1.0/sisu-guice-3.1.0-no_aop.jar:/home/andriy/.m2/repository/aopalliance/aopalliance/1.0/aopalliance-1.0.jar:/home/andriy/.m2/repository/org/eclipse/sisu/org.eclipse.sisu.inject/0.0.0.M2a/org.eclipse.sisu.inject-0.0.0.M2a.jar:/home/andriy/.m2/repository/asm/asm/3.3.1/asm-3.3.1.jar:/home/andriy/.m2/repository/org/codehaus/plexus/plexus-component-annotations/1.5.5/plexus-component-annotations-1.5.5.jar:/home/andriy/.m2/repository/org/codehaus/plexus/plexus-classworlds/2.4/plexus-classworlds-2.4.jar:/home/andriy/.m2/repository/org/apache/maven/plugin-tools/maven-plugin-annotations/3.2/maven-plugin-annotations-3.2.jar:/home/andriy/.m2/repository/org/sonatype/plexus/plexus-build-api/0.0.7/plexus-build-api-0.0.7.jar:/home/andriy/.m2/repository/org/codehaus/plexus/plexus-utils/1.5.8/plexus-utils-1.5.8.jar:"/>
    <property name="java.vm.vendor" value="Oracle Corporation"/>
    <property name="sun.arch.data.model" value="64"/>
    <property name="java.vendor.url" value="https://java.oracle.com/"/>
    <property name="os.name" value="Linux"/>
    <property name="java.vm.specification.version" value="17"/>
    <property name="sun.java.launcher" value="SUN_STANDARD"/>
    <property name="user.country" value="US"/>
    <property name="sun.boot.library.path" value="/opt/jdks/jdk-17.0.9/lib"/>
    <property name="sun.java.command" value="/home/andriy/Documents/playground/my-java-angular-app/backend/target/surefire/surefirebooter-20231226180514438_3.jar /home/andriy/Documents/playground/my-java-angular-app/backend/target/surefire 2023-12-26T18-05-14_302-jvmRun1 surefire-20231226180514438_1tmp surefire_0-20231226180514438_2tmp"/>
    <property name="jdk.debug" value="release"/>
    <property name="surefire.test.class.path" value="/home/andriy/Documents/playground/my-java-angular-app/backend/target/test-classes:/home/andriy/Documents/playground/my-java-angular-app/backend/target/classes:/home/andriy/.m2/repository/junit/junit/3.8.1/junit-3.8.1.jar:/home/andriy/.m2/repository/com/github/eirslett/frontend-maven-plugin/1.0/frontend-maven-plugin-1.0.jar:/home/andriy/.m2/repository/com/github/eirslett/frontend-plugin-core/1.0/frontend-plugin-core-1.0.jar:/home/andriy/.m2/repository/org/codehaus/jackson/jackson-mapper-asl/1.9.13/jackson-mapper-asl-1.9.13.jar:/home/andriy/.m2/repository/org/codehaus/jackson/jackson-core-asl/1.9.13/jackson-core-asl-1.9.13.jar:/home/andriy/.m2/repository/org/apache/commons/commons-compress/1.5/commons-compress-1.5.jar:/home/andriy/.m2/repository/org/tukaani/xz/1.2/xz-1.2.jar:/home/andriy/.m2/repository/commons-io/commons-io/1.3.2/commons-io-1.3.2.jar:/home/andriy/.m2/repository/org/apache/httpcomponents/httpclient/4.5.1/httpclient-4.5.1.jar:/home/andriy/.m2/repository/org/apache/httpcomponents/httpcore/4.4.3/httpcore-4.4.3.jar:/home/andriy/.m2/repository/commons-logging/commons-logging/1.2/commons-logging-1.2.jar:/home/andriy/.m2/repository/commons-codec/commons-codec/1.9/commons-codec-1.9.jar:/home/andriy/.m2/repository/org/slf4j/slf4j-api/1.7.5/slf4j-api-1.7.5.jar:/home/andriy/.m2/repository/org/apache/maven/maven-plugin-api/3.1.0/maven-plugin-api-3.1.0.jar:/home/andriy/.m2/repository/org/apache/maven/maven-model/3.1.0/maven-model-3.1.0.jar:/home/andriy/.m2/repository/org/apache/maven/maven-artifact/3.1.0/maven-artifact-3.1.0.jar:/home/andriy/.m2/repository/org/eclipse/sisu/org.eclipse.sisu.plexus/0.0.0.M2a/org.eclipse.sisu.plexus-0.0.0.M2a.jar:/home/andriy/.m2/repository/javax/enterprise/cdi-api/1.0/cdi-api-1.0.jar:/home/andriy/.m2/repository/javax/annotation/jsr250-api/1.0/jsr250-api-1.0.jar:/home/andriy/.m2/repository/javax/inject/javax.inject/1/javax.inject-1.jar:/home/andriy/.m2/repository/com/google/guava/guava/10.0.1/guava-10.0.1.jar:/home/andriy/.m2/repository/com/google/code/findbugs/jsr305/1.3.9/jsr305-1.3.9.jar:/home/andriy/.m2/repository/org/sonatype/sisu/sisu-guice/3.1.0/sisu-guice-3.1.0-no_aop.jar:/home/andriy/.m2/repository/aopalliance/aopalliance/1.0/aopalliance-1.0.jar:/home/andriy/.m2/repository/org/eclipse/sisu/org.eclipse.sisu.inject/0.0.0.M2a/org.eclipse.sisu.inject-0.0.0.M2a.jar:/home/andriy/.m2/repository/asm/asm/3.3.1/asm-3.3.1.jar:/home/andriy/.m2/repository/org/codehaus/plexus/plexus-component-annotations/1.5.5/plexus-component-annotations-1.5.5.jar:/home/andriy/.m2/repository/org/codehaus/plexus/plexus-classworlds/2.4/plexus-classworlds-2.4.jar:/home/andriy/.m2/repository/org/apache/maven/plugin-tools/maven-plugin-annotations/3.2/maven-plugin-annotations-3.2.jar:/home/andriy/.m2/repository/org/sonatype/plexus/plexus-build-api/0.0.7/plexus-build-api-0.0.7.jar:/home/andriy/.m2/repository/org/codehaus/plexus/plexus-utils/1.5.8/plexus-utils-1.5.8.jar:"/>
    <property name="sun.cpu.endian" value="little"/>
    <property name="user.home" value="/home/andriy"/>
    <property name="user.language" value="en"/>
    <property name="java.specification.vendor" value="Oracle Corporation"/>
    <property name="java.version.date" value="2023-10-17"/>
    <property name="java.home" value="/opt/jdks/jdk-17.0.9"/>
    <property name="file.separator" value="/"/>
    <property name="basedir" value="/home/andriy/Documents/playground/my-java-angular-app/backend"/>
    <property name="java.vm.compressedOopsMode" value="Zero based"/>
    <property name="line.separator" value="&#10;"/>
    <property name="java.vm.specification.vendor" value="Oracle Corporation"/>
    <property name="java.specification.name" value="Java Platform API Specification"/>
    <property name="surefire.real.class.path" value="/home/andriy/Documents/playground/my-java-angular-app/backend/target/surefire/surefirebooter-20231226180514438_3.jar"/>
    <property name="sun.management.compiler" value="HotSpot 64-Bit Tiered Compilers"/>
    <property name="java.runtime.version" value="17.0.9+11-LTS-201"/>
    <property name="user.name" value="andriy"/>
    <property name="path.separator" value=":"/>
    <property name="os.version" value="5.15.0-91-generic"/>
    <property name="java.runtime.name" value="Java(TM) SE Runtime Environment"/>
    <property name="file.encoding" value="UTF-8"/>
    <property name="java.vm.name" value="Java HotSpot(TM) 64-Bit Server VM"/>
    <property name="localRepository" value="/home/andriy/.m2/repository"/>
    <property name="java.vendor.url.bug" value="https://bugreport.java.com/bugreport/"/>
    <property name="java.io.tmpdir" value="/tmp"/>
    <property name="java.version" value="17.0.9"/>
    <property name="user.dir" value="/home/andriy/Documents/playground/my-java-angular-app/backend"/>
    <property name="os.arch" value="amd64"/>
    <property name="java.vm.specification.name" value="Java Virtual Machine Specification"/>
    <property name="native.encoding" value="UTF-8"/>
    <property name="java.library.path" value="/usr/java/packages/lib:/usr/lib64:/lib64:/lib:/usr/lib"/>
    <property name="java.vm.info" value="mixed mode, sharing"/>
    <property name="java.vendor" value="Oracle Corporation"/>
    <property name="java.vm.version" value="17.0.9+11-LTS-201"/>
    <property name="sun.io.unicode.encoding" value="UnicodeLittle"/>
    <property name="java.class.version" value="61.0"/>
  </properties>
  <testcase name="testApp" classname="com.example.AppTest" time="0.002"/>
</testsuite>